2016-09-14 16:30:31 [127.0.0.1][-][-][error][yii\base\ErrorException:1] yii\base\ErrorException: Class 'BaseController' not found in /home/smile/mywww/sample/manager/controllers/IndexController.php:9
Stack trace:
#0 [internal function]: yii\base\ErrorHandler->handleFatalError()
#1 {main}
2016-09-14 16:30:31 [127.0.0.1][-][-][info][application] $_SERVER = [
    'USER' => 'www-data'
    'HOME' => '/var/www'
    'HTTP_ACCEPT_LANGUAGE' => 'en-US,en;q=0.8'
    'HTTP_ACCEPT_ENCODING' => 'gzip, deflate, sdch'
    'HTTP_USER_AGENT' => 'Mozilla/5.0 (X11; Linux x86_64) AppleWebKit/537.36 (KHTML, like Gecko) Ubuntu Chromium/50.0.2661.102 Chrome/50.0.2661.102 Safari/537.36'
    'HTTP_UPGRADE_INSECURE_REQUESTS' => '1'
    'HTTP_ACCEPT' => 'text/html,application/xhtml+xml,application/xml;q=0.9,image/webp,*/*;q=0.8'
    'HTTP_CACHE_CONTROL' => 'max-age=0'
    'HTTP_CONNECTION' => 'keep-alive'
    'HTTP_HOST' => 'www.mymanager.com'
    'REDIRECT_STATUS' => '200'
    'SERVER_NAME' => 'www.mymanager.com'
    'SERVER_PORT' => '80'
    'SERVER_ADDR' => '127.0.0.1'
    'REMOTE_PORT' => '35846'
    'REMOTE_ADDR' => '127.0.0.1'
    'SERVER_SOFTWARE' => 'nginx/1.10.0'
    'GATEWAY_INTERFACE' => 'CGI/1.1'
    'REQUEST_SCHEME' => 'http'
    'SERVER_PROTOCOL' => 'HTTP/1.1'
    'DOCUMENT_ROOT' => '/home/smile/mywww/sample/manager/web'
    'DOCUMENT_URI' => '/index.php'
    'REQUEST_URI' => '/'
    'SCRIPT_NAME' => '/index.php'
    'CONTENT_LENGTH' => ''
    'CONTENT_TYPE' => ''
    'REQUEST_METHOD' => 'GET'
    'QUERY_STRING' => ''
    'SCRIPT_FILENAME' => '/home/smile/mywww/sample/manager/web/index.php'
    'PATH_INFO' => ''
    'FCGI_ROLE' => 'RESPONDER'
    'PHP_SELF' => '/index.php'
    'REQUEST_TIME_FLOAT' => 1473841831.2102
    'REQUEST_TIME' => 1473841831
]
2016-09-14 16:30:31 [127.0.0.1][-][-][warning][yii\log\Dispatcher::dispatch] Unable to send log via yii\debug\LogTarget: Exception (Invalid Configuration) 'yii\base\InvalidConfigException' with message 'The directory does not exist: /home/smile/mywww/sample/manager/web/assets' 

in /home/smile/mywww/sample/vendor/yiisoft/yii2/web/AssetManager.php:211

Stack trace:
#0 /home/smile/mywww/sample/vendor/yiisoft/yii2/base/Object.php(107): yii\web\AssetManager->init()
#1 [internal function]: yii\base\Object->__construct(Array)
#2 /home/smile/mywww/sample/vendor/yiisoft/yii2/di/Container.php(368): ReflectionClass->newInstanceArgs(Array)
#3 /home/smile/mywww/sample/vendor/yiisoft/yii2/di/Container.php(153): yii\di\Container->build('yii\\web\\AssetMa...', Array, Array)
#4 /home/smile/mywww/sample/vendor/yiisoft/yii2/BaseYii.php(344): yii\di\Container->get('yii\\web\\AssetMa...', Array, Array)
#5 /home/smile/mywww/sample/vendor/yiisoft/yii2/di/ServiceLocator.php(133): yii\BaseYii::createObject(Array)
#6 /home/smile/mywww/sample/vendor/yiisoft/yii2/base/Application.php(600): yii\di\ServiceLocator->get('assetManager')
#7 /home/smile/mywww/sample/vendor/yiisoft/yii2/web/View.php(223): yii\base\Application->getAssetManager()
#8 /home/smile/mywww/sample/vendor/yiisoft/yii2/base/Component.php(130): yii\web\View->getAssetManager()
#9 /home/smile/mywww/sample/vendor/yiisoft/yii2-debug/panels/AssetPanel.php(53): yii\base\Component->__get('assetManager')
#10 /home/smile/mywww/sample/vendor/yiisoft/yii2-debug/LogTarget.php(54): yii\debug\panels\AssetPanel->save()
#11 /home/smile/mywww/sample/vendor/yiisoft/yii2-debug/LogTarget.php(118): yii\debug\LogTarget->export()
#12 /home/smile/mywww/sample/vendor/yiisoft/yii2/log/Dispatcher.php(183): yii\debug\LogTarget->collect(Array, true)
#13 /home/smile/mywww/sample/vendor/yiisoft/yii2/log/Logger.php(173): yii\log\Dispatcher->dispatch(Array, true)
#14 /home/smile/mywww/sample/vendor/yiisoft/yii2/base/ErrorHandler.php(247): yii\log\Logger->flush(true)
#15 [internal function]: yii\base\ErrorHandler->handleFatalError()
#16 {main}
2016-09-14 16:30:31 [127.0.0.1][-][-][info][application] $_SERVER = [
    'USER' => 'www-data'
    'HOME' => '/var/www'
    'HTTP_ACCEPT_LANGUAGE' => 'en-US,en;q=0.8'
    'HTTP_ACCEPT_ENCODING' => 'gzip, deflate, sdch'
    'HTTP_USER_AGENT' => 'Mozilla/5.0 (X11; Linux x86_64) AppleWebKit/537.36 (KHTML, like Gecko) Ubuntu Chromium/50.0.2661.102 Chrome/50.0.2661.102 Safari/537.36'
    'HTTP_UPGRADE_INSECURE_REQUESTS' => '1'
    'HTTP_ACCEPT' => 'text/html,application/xhtml+xml,application/xml;q=0.9,image/webp,*/*;q=0.8'
    'HTTP_CACHE_CONTROL' => 'max-age=0'
    'HTTP_CONNECTION' => 'keep-alive'
    'HTTP_HOST' => 'www.mymanager.com'
    'REDIRECT_STATUS' => '200'
    'SERVER_NAME' => 'www.mymanager.com'
    'SERVER_PORT' => '80'
    'SERVER_ADDR' => '127.0.0.1'
    'REMOTE_PORT' => '35846'
    'REMOTE_ADDR' => '127.0.0.1'
    'SERVER_SOFTWARE' => 'nginx/1.10.0'
    'GATEWAY_INTERFACE' => 'CGI/1.1'
    'REQUEST_SCHEME' => 'http'
    'SERVER_PROTOCOL' => 'HTTP/1.1'
    'DOCUMENT_ROOT' => '/home/smile/mywww/sample/manager/web'
    'DOCUMENT_URI' => '/index.php'
    'REQUEST_URI' => '/'
    'SCRIPT_NAME' => '/index.php'
    'CONTENT_LENGTH' => ''
    'CONTENT_TYPE' => ''
    'REQUEST_METHOD' => 'GET'
    'QUERY_STRING' => ''
    'SCRIPT_FILENAME' => '/home/smile/mywww/sample/manager/web/index.php'
    'PATH_INFO' => ''
    'FCGI_ROLE' => 'RESPONDER'
    'PHP_SELF' => '/index.php'
    'REQUEST_TIME_FLOAT' => 1473841831.2102
    'REQUEST_TIME' => 1473841831
]
2016-09-14 16:30:31 [127.0.0.1][-][-][error][yii\web\HttpException:404] yii\base\InvalidRouteException: Unable to resolve the request "favicon.ico". in /home/smile/mywww/sample/vendor/yiisoft/yii2/base/Module.php:460
Stack trace:
#0 /home/smile/mywww/sample/vendor/yiisoft/yii2/web/Application.php(84): yii\base\Module->runAction('favicon.ico', Array)
#1 /home/smile/mywww/sample/vendor/yiisoft/yii2/base/Application.php(375): yii\web\Application->handleRequest(Object(yii\web\Request))
#2 /home/smile/mywww/sample/manager/web/index.php(16): yii\base\Application->run()
#3 {main}

Next yii\web\NotFoundHttpException: Page not found. in /home/smile/mywww/sample/vendor/yiisoft/yii2/web/Application.php:96
Stack trace:
#0 /home/smile/mywww/sample/vendor/yiisoft/yii2/base/Application.php(375): yii\web\Application->handleRequest(Object(yii\web\Request))
#1 /home/smile/mywww/sample/manager/web/index.php(16): yii\base\Application->run()
#2 {main}
2016-09-14 16:30:31 [127.0.0.1][-][-][info][application] $_SERVER = [
    'USER' => 'www-data'
    'HOME' => '/var/www'
    'HTTP_ACCEPT_LANGUAGE' => 'en-US,en;q=0.8'
    'HTTP_ACCEPT_ENCODING' => 'gzip, deflate, sdch'
    'HTTP_REFERER' => 'http://www.mymanager.com/'
    'HTTP_ACCEPT' => '*/*'
    'HTTP_USER_AGENT' => 'Mozilla/5.0 (X11; Linux x86_64) AppleWebKit/537.36 (KHTML, like Gecko) Ubuntu Chromium/50.0.2661.102 Chrome/50.0.2661.102 Safari/537.36'
    'HTTP_CACHE_CONTROL' => 'no-cache'
    'HTTP_PRAGMA' => 'no-cache'
    'HTTP_CONNECTION' => 'keep-alive'
    'HTTP_HOST' => 'www.mymanager.com'
    'REDIRECT_STATUS' => '200'
    'SERVER_NAME' => 'www.mymanager.com'
    'SERVER_PORT' => '80'
    'SERVER_ADDR' => '127.0.0.1'
    'REMOTE_PORT' => '35846'
    'REMOTE_ADDR' => '127.0.0.1'
    'SERVER_SOFTWARE' => 'nginx/1.10.0'
    'GATEWAY_INTERFACE' => 'CGI/1.1'
    'REQUEST_SCHEME' => 'http'
    'SERVER_PROTOCOL' => 'HTTP/1.1'
    'DOCUMENT_ROOT' => '/home/smile/mywww/sample/manager/web'
    'DOCUMENT_URI' => '/index.php'
    'REQUEST_URI' => '/favicon.ico'
    'SCRIPT_NAME' => '/index.php'
    'CONTENT_LENGTH' => ''
    'CONTENT_TYPE' => ''
    'REQUEST_METHOD' => 'GET'
    'QUERY_STRING' => ''
    'SCRIPT_FILENAME' => '/home/smile/mywww/sample/manager/web/index.php'
    'PATH_INFO' => ''
    'FCGI_ROLE' => 'RESPONDER'
    'PHP_SELF' => '/index.php'
    'REQUEST_TIME_FLOAT' => 1473841831.2785
    'REQUEST_TIME' => 1473841831
]
2016-09-14 16:30:31 [127.0.0.1][-][-][warning][yii\log\Dispatcher::dispatch] Unable to send log via yii\debug\LogTarget: Exception (Invalid Configuration) 'yii\base\InvalidConfigException' with message 'The directory does not exist: /home/smile/mywww/sample/manager/web/assets' 

in /home/smile/mywww/sample/vendor/yiisoft/yii2/web/AssetManager.php:211

Stack trace:
#0 /home/smile/mywww/sample/vendor/yiisoft/yii2/base/Object.php(107): yii\web\AssetManager->init()
#1 [internal function]: yii\base\Object->__construct(Array)
#2 /home/smile/mywww/sample/vendor/yiisoft/yii2/di/Container.php(368): ReflectionClass->newInstanceArgs(Array)
#3 /home/smile/mywww/sample/vendor/yiisoft/yii2/di/Container.php(153): yii\di\Container->build('yii\\web\\AssetMa...', Array, Array)
#4 /home/smile/mywww/sample/vendor/yiisoft/yii2/BaseYii.php(344): yii\di\Container->get('yii\\web\\AssetMa...', Array, Array)
#5 /home/smile/mywww/sample/vendor/yiisoft/yii2/di/ServiceLocator.php(133): yii\BaseYii::createObject(Array)
#6 /home/smile/mywww/sample/vendor/yiisoft/yii2/base/Application.php(600): yii\di\ServiceLocator->get('assetManager')
#7 /home/smile/mywww/sample/vendor/yiisoft/yii2/web/View.php(223): yii\base\Application->getAssetManager()
#8 /home/smile/mywww/sample/vendor/yiisoft/yii2/base/Component.php(130): yii\web\View->getAssetManager()
#9 /home/smile/mywww/sample/vendor/yiisoft/yii2-debug/panels/AssetPanel.php(53): yii\base\Component->__get('assetManager')
#10 /home/smile/mywww/sample/vendor/yiisoft/yii2-debug/LogTarget.php(54): yii\debug\panels\AssetPanel->save()
#11 /home/smile/mywww/sample/vendor/yiisoft/yii2-debug/LogTarget.php(118): yii\debug\LogTarget->export()
#12 /home/smile/mywww/sample/vendor/yiisoft/yii2/log/Dispatcher.php(183): yii\debug\LogTarget->collect(Array, true)
#13 /home/smile/mywww/sample/vendor/yiisoft/yii2/log/Logger.php(173): yii\log\Dispatcher->dispatch(Array, true)
#14 /home/smile/mywww/sample/vendor/yiisoft/yii2/base/ErrorHandler.php(111): yii\log\Logger->flush(true)
#15 [internal function]: yii\base\ErrorHandler->handleException(Object(yii\web\NotFoundHttpException))
#16 {main}
2016-09-14 16:30:31 [127.0.0.1][-][-][info][application] $_SERVER = [
    'USER' => 'www-data'
    'HOME' => '/var/www'
    'HTTP_ACCEPT_LANGUAGE' => 'en-US,en;q=0.8'
    'HTTP_ACCEPT_ENCODING' => 'gzip, deflate, sdch'
    'HTTP_REFERER' => 'http://www.mymanager.com/'
    'HTTP_ACCEPT' => '*/*'
    'HTTP_USER_AGENT' => 'Mozilla/5.0 (X11; Linux x86_64) AppleWebKit/537.36 (KHTML, like Gecko) Ubuntu Chromium/50.0.2661.102 Chrome/50.0.2661.102 Safari/537.36'
    'HTTP_CACHE_CONTROL' => 'no-cache'
    'HTTP_PRAGMA' => 'no-cache'
    'HTTP_CONNECTION' => 'keep-alive'
    'HTTP_HOST' => 'www.mymanager.com'
    'REDIRECT_STATUS' => '200'
    'SERVER_NAME' => 'www.mymanager.com'
    'SERVER_PORT' => '80'
    'SERVER_ADDR' => '127.0.0.1'
    'REMOTE_PORT' => '35846'
    'REMOTE_ADDR' => '127.0.0.1'
    'SERVER_SOFTWARE' => 'nginx/1.10.0'
    'GATEWAY_INTERFACE' => 'CGI/1.1'
    'REQUEST_SCHEME' => 'http'
    'SERVER_PROTOCOL' => 'HTTP/1.1'
    'DOCUMENT_ROOT' => '/home/smile/mywww/sample/manager/web'
    'DOCUMENT_URI' => '/index.php'
    'REQUEST_URI' => '/favicon.ico'
    'SCRIPT_NAME' => '/index.php'
    'CONTENT_LENGTH' => ''
    'CONTENT_TYPE' => ''
    'REQUEST_METHOD' => 'GET'
    'QUERY_STRING' => ''
    'SCRIPT_FILENAME' => '/home/smile/mywww/sample/manager/web/index.php'
    'PATH_INFO' => ''
    'FCGI_ROLE' => 'RESPONDER'
    'PHP_SELF' => '/index.php'
    'REQUEST_TIME_FLOAT' => 1473841831.2785
    'REQUEST_TIME' => 1473841831
]
2016-09-14 16:38:32 [127.0.0.1][-][-][error][yii\web\HttpException:404] yii\base\InvalidRouteException: Unable to resolve the request: index/ in /home/smile/mywww/sample/vendor/yiisoft/yii2/base/Controller.php:125
Stack trace:
#0 /home/smile/mywww/sample/vendor/yiisoft/yii2/base/Module.php(454): yii\base\Controller->runAction('', Array)
#1 /home/smile/mywww/sample/vendor/yiisoft/yii2/web/Application.php(84): yii\base\Module->runAction('', Array)
#2 /home/smile/mywww/sample/vendor/yiisoft/yii2/base/Application.php(375): yii\web\Application->handleRequest(Object(yii\web\Request))
#3 /home/smile/mywww/sample/manager/web/index.php(16): yii\base\Application->run()
#4 {main}

Next yii\web\NotFoundHttpException: Page not found. in /home/smile/mywww/sample/vendor/yiisoft/yii2/web/Application.php:96
Stack trace:
#0 /home/smile/mywww/sample/vendor/yiisoft/yii2/base/Application.php(375): yii\web\Application->handleRequest(Object(yii\web\Request))
#1 /home/smile/mywww/sample/manager/web/index.php(16): yii\base\Application->run()
#2 {main}
2016-09-14 16:38:32 [127.0.0.1][-][-][info][application] $_SERVER = [
    'USER' => 'www-data'
    'HOME' => '/var/www'
    'HTTP_ACCEPT_LANGUAGE' => 'en-US,en;q=0.8'
    'HTTP_ACCEPT_ENCODING' => 'gzip, deflate, sdch'
    'HTTP_USER_AGENT' => 'Mozilla/5.0 (X11; Linux x86_64) AppleWebKit/537.36 (KHTML, like Gecko) Ubuntu Chromium/50.0.2661.102 Chrome/50.0.2661.102 Safari/537.36'
    'HTTP_UPGRADE_INSECURE_REQUESTS' => '1'
    'HTTP_ACCEPT' => 'text/html,application/xhtml+xml,application/xml;q=0.9,image/webp,*/*;q=0.8'
    'HTTP_CACHE_CONTROL' => 'max-age=0'
    'HTTP_CONNECTION' => 'keep-alive'
    'HTTP_HOST' => 'www.mymanager.com'
    'REDIRECT_STATUS' => '200'
    'SERVER_NAME' => 'www.mymanager.com'
    'SERVER_PORT' => '80'
    'SERVER_ADDR' => '127.0.0.1'
    'REMOTE_PORT' => '35918'
    'REMOTE_ADDR' => '127.0.0.1'
    'SERVER_SOFTWARE' => 'nginx/1.10.0'
    'GATEWAY_INTERFACE' => 'CGI/1.1'
    'REQUEST_SCHEME' => 'http'
    'SERVER_PROTOCOL' => 'HTTP/1.1'
    'DOCUMENT_ROOT' => '/home/smile/mywww/sample/manager/web'
    'DOCUMENT_URI' => '/index.php'
    'REQUEST_URI' => '/'
    'SCRIPT_NAME' => '/index.php'
    'CONTENT_LENGTH' => ''
    'CONTENT_TYPE' => ''
    'REQUEST_METHOD' => 'GET'
    'QUERY_STRING' => ''
    'SCRIPT_FILENAME' => '/home/smile/mywww/sample/manager/web/index.php'
    'PATH_INFO' => ''
    'FCGI_ROLE' => 'RESPONDER'
    'PHP_SELF' => '/index.php'
    'REQUEST_TIME_FLOAT' => 1473842312.283
    'REQUEST_TIME' => 1473842312
]
2016-09-14 16:38:32 [127.0.0.1][-][-][warning][yii\log\Dispatcher::dispatch] Unable to send log via yii\debug\LogTarget: Exception (Invalid Configuration) 'yii\base\InvalidConfigException' with message 'The directory does not exist: /home/smile/mywww/sample/manager/web/assets' 

in /home/smile/mywww/sample/vendor/yiisoft/yii2/web/AssetManager.php:211

Stack trace:
#0 /home/smile/mywww/sample/vendor/yiisoft/yii2/base/Object.php(107): yii\web\AssetManager->init()
#1 [internal function]: yii\base\Object->__construct(Array)
#2 /home/smile/mywww/sample/vendor/yiisoft/yii2/di/Container.php(368): ReflectionClass->newInstanceArgs(Array)
#3 /home/smile/mywww/sample/vendor/yiisoft/yii2/di/Container.php(153): yii\di\Container->build('yii\\web\\AssetMa...', Array, Array)
#4 /home/smile/mywww/sample/vendor/yiisoft/yii2/BaseYii.php(344): yii\di\Container->get('yii\\web\\AssetMa...', Array, Array)
#5 /home/smile/mywww/sample/vendor/yiisoft/yii2/di/ServiceLocator.php(133): yii\BaseYii::createObject(Array)
#6 /home/smile/mywww/sample/vendor/yiisoft/yii2/base/Application.php(600): yii\di\ServiceLocator->get('assetManager')
#7 /home/smile/mywww/sample/vendor/yiisoft/yii2/web/View.php(223): yii\base\Application->getAssetManager()
#8 /home/smile/mywww/sample/vendor/yiisoft/yii2/base/Component.php(130): yii\web\View->getAssetManager()
#9 /home/smile/mywww/sample/vendor/yiisoft/yii2-debug/panels/AssetPanel.php(53): yii\base\Component->__get('assetManager')
#10 /home/smile/mywww/sample/vendor/yiisoft/yii2-debug/LogTarget.php(54): yii\debug\panels\AssetPanel->save()
#11 /home/smile/mywww/sample/vendor/yiisoft/yii2-debug/LogTarget.php(118): yii\debug\LogTarget->export()
#12 /home/smile/mywww/sample/vendor/yiisoft/yii2/log/Dispatcher.php(183): yii\debug\LogTarget->collect(Array, true)
#13 /home/smile/mywww/sample/vendor/yiisoft/yii2/log/Logger.php(173): yii\log\Dispatcher->dispatch(Array, true)
#14 /home/smile/mywww/sample/vendor/yiisoft/yii2/base/ErrorHandler.php(111): yii\log\Logger->flush(true)
#15 [internal function]: yii\base\ErrorHandler->handleException(Object(yii\web\NotFoundHttpException))
#16 {main}
2016-09-14 16:38:32 [127.0.0.1][-][-][info][application] $_SERVER = [
    'USER' => 'www-data'
    'HOME' => '/var/www'
    'HTTP_ACCEPT_LANGUAGE' => 'en-US,en;q=0.8'
    'HTTP_ACCEPT_ENCODING' => 'gzip, deflate, sdch'
    'HTTP_USER_AGENT' => 'Mozilla/5.0 (X11; Linux x86_64) AppleWebKit/537.36 (KHTML, like Gecko) Ubuntu Chromium/50.0.2661.102 Chrome/50.0.2661.102 Safari/537.36'
    'HTTP_UPGRADE_INSECURE_REQUESTS' => '1'
    'HTTP_ACCEPT' => 'text/html,application/xhtml+xml,application/xml;q=0.9,image/webp,*/*;q=0.8'
    'HTTP_CACHE_CONTROL' => 'max-age=0'
    'HTTP_CONNECTION' => 'keep-alive'
    'HTTP_HOST' => 'www.mymanager.com'
    'REDIRECT_STATUS' => '200'
    'SERVER_NAME' => 'www.mymanager.com'
    'SERVER_PORT' => '80'
    'SERVER_ADDR' => '127.0.0.1'
    'REMOTE_PORT' => '35918'
    'REMOTE_ADDR' => '127.0.0.1'
    'SERVER_SOFTWARE' => 'nginx/1.10.0'
    'GATEWAY_INTERFACE' => 'CGI/1.1'
    'REQUEST_SCHEME' => 'http'
    'SERVER_PROTOCOL' => 'HTTP/1.1'
    'DOCUMENT_ROOT' => '/home/smile/mywww/sample/manager/web'
    'DOCUMENT_URI' => '/index.php'
    'REQUEST_URI' => '/'
    'SCRIPT_NAME' => '/index.php'
    'CONTENT_LENGTH' => ''
    'CONTENT_TYPE' => ''
    'REQUEST_METHOD' => 'GET'
    'QUERY_STRING' => ''
    'SCRIPT_FILENAME' => '/home/smile/mywww/sample/manager/web/index.php'
    'PATH_INFO' => ''
    'FCGI_ROLE' => 'RESPONDER'
    'PHP_SELF' => '/index.php'
    'REQUEST_TIME_FLOAT' => 1473842312.283
    'REQUEST_TIME' => 1473842312
]
2016-09-14 16:40:05 [127.0.0.1][-][-][warning][yii\log\Dispatcher::dispatch] Unable to send log via yii\debug\LogTarget: Exception (Invalid Configuration) 'yii\base\InvalidConfigException' with message 'The directory does not exist: /home/smile/mywww/sample/manager/web/assets' 

in /home/smile/mywww/sample/vendor/yiisoft/yii2/web/AssetManager.php:211

Stack trace:
#0 /home/smile/mywww/sample/vendor/yiisoft/yii2/base/Object.php(107): yii\web\AssetManager->init()
#1 [internal function]: yii\base\Object->__construct(Array)
#2 /home/smile/mywww/sample/vendor/yiisoft/yii2/di/Container.php(368): ReflectionClass->newInstanceArgs(Array)
#3 /home/smile/mywww/sample/vendor/yiisoft/yii2/di/Container.php(153): yii\di\Container->build('yii\\web\\AssetMa...', Array, Array)
#4 /home/smile/mywww/sample/vendor/yiisoft/yii2/BaseYii.php(344): yii\di\Container->get('yii\\web\\AssetMa...', Array, Array)
#5 /home/smile/mywww/sample/vendor/yiisoft/yii2/di/ServiceLocator.php(133): yii\BaseYii::createObject(Array)
#6 /home/smile/mywww/sample/vendor/yiisoft/yii2/base/Application.php(600): yii\di\ServiceLocator->get('assetManager')
#7 /home/smile/mywww/sample/vendor/yiisoft/yii2/web/View.php(223): yii\base\Application->getAssetManager()
#8 /home/smile/mywww/sample/vendor/yiisoft/yii2/base/Component.php(130): yii\web\View->getAssetManager()
#9 /home/smile/mywww/sample/vendor/yiisoft/yii2-debug/panels/AssetPanel.php(53): yii\base\Component->__get('assetManager')
#10 /home/smile/mywww/sample/vendor/yiisoft/yii2-debug/LogTarget.php(54): yii\debug\panels\AssetPanel->save()
#11 /home/smile/mywww/sample/vendor/yiisoft/yii2-debug/LogTarget.php(118): yii\debug\LogTarget->export()
#12 /home/smile/mywww/sample/vendor/yiisoft/yii2/log/Dispatcher.php(183): yii\debug\LogTarget->collect(Array, true)
#13 /home/smile/mywww/sample/vendor/yiisoft/yii2/log/Logger.php(173): yii\log\Dispatcher->dispatch(Array, true)
#14 [internal function]: yii\log\Logger->flush(true)
#15 {main}
2016-09-14 16:40:05 [127.0.0.1][-][-][info][application] $_SERVER = [
    'USER' => 'www-data'
    'HOME' => '/var/www'
    'HTTP_ACCEPT_LANGUAGE' => 'en-US,en;q=0.8'
    'HTTP_ACCEPT_ENCODING' => 'gzip, deflate, sdch'
    'HTTP_USER_AGENT' => 'Mozilla/5.0 (X11; Linux x86_64) AppleWebKit/537.36 (KHTML, like Gecko) Ubuntu Chromium/50.0.2661.102 Chrome/50.0.2661.102 Safari/537.36'
    'HTTP_UPGRADE_INSECURE_REQUESTS' => '1'
    'HTTP_ACCEPT' => 'text/html,application/xhtml+xml,application/xml;q=0.9,image/webp,*/*;q=0.8'
    'HTTP_CACHE_CONTROL' => 'max-age=0'
    'HTTP_CONNECTION' => 'keep-alive'
    'HTTP_HOST' => 'www.mymanager.com'
    'REDIRECT_STATUS' => '200'
    'SERVER_NAME' => 'www.mymanager.com'
    'SERVER_PORT' => '80'
    'SERVER_ADDR' => '127.0.0.1'
    'REMOTE_PORT' => '35926'
    'REMOTE_ADDR' => '127.0.0.1'
    'SERVER_SOFTWARE' => 'nginx/1.10.0'
    'GATEWAY_INTERFACE' => 'CGI/1.1'
    'REQUEST_SCHEME' => 'http'
    'SERVER_PROTOCOL' => 'HTTP/1.1'
    'DOCUMENT_ROOT' => '/home/smile/mywww/sample/manager/web'
    'DOCUMENT_URI' => '/index.php'
    'REQUEST_URI' => '/'
    'SCRIPT_NAME' => '/index.php'
    'CONTENT_LENGTH' => ''
    'CONTENT_TYPE' => ''
    'REQUEST_METHOD' => 'GET'
    'QUERY_STRING' => ''
    'SCRIPT_FILENAME' => '/home/smile/mywww/sample/manager/web/index.php'
    'PATH_INFO' => ''
    'FCGI_ROLE' => 'RESPONDER'
    'PHP_SELF' => '/index.php'
    'REQUEST_TIME_FLOAT' => 1473842405.9466
    'REQUEST_TIME' => 1473842405
]
2016-09-14 16:40:07 [127.0.0.1][-][-][warning][yii\log\Dispatcher::dispatch] Unable to send log via yii\debug\LogTarget: Exception (Invalid Configuration) 'yii\base\InvalidConfigException' with message 'The directory does not exist: /home/smile/mywww/sample/manager/web/assets' 

in /home/smile/mywww/sample/vendor/yiisoft/yii2/web/AssetManager.php:211

Stack trace:
#0 /home/smile/mywww/sample/vendor/yiisoft/yii2/base/Object.php(107): yii\web\AssetManager->init()
#1 [internal function]: yii\base\Object->__construct(Array)
#2 /home/smile/mywww/sample/vendor/yiisoft/yii2/di/Container.php(368): ReflectionClass->newInstanceArgs(Array)
#3 /home/smile/mywww/sample/vendor/yiisoft/yii2/di/Container.php(153): yii\di\Container->build('yii\\web\\AssetMa...', Array, Array)
#4 /home/smile/mywww/sample/vendor/yiisoft/yii2/BaseYii.php(344): yii\di\Container->get('yii\\web\\AssetMa...', Array, Array)
#5 /home/smile/mywww/sample/vendor/yiisoft/yii2/di/ServiceLocator.php(133): yii\BaseYii::createObject(Array)
#6 /home/smile/mywww/sample/vendor/yiisoft/yii2/base/Application.php(600): yii\di\ServiceLocator->get('assetManager')
#7 /home/smile/mywww/sample/vendor/yiisoft/yii2/web/View.php(223): yii\base\Application->getAssetManager()
#8 /home/smile/mywww/sample/vendor/yiisoft/yii2/base/Component.php(130): yii\web\View->getAssetManager()
#9 /home/smile/mywww/sample/vendor/yiisoft/yii2-debug/panels/AssetPanel.php(53): yii\base\Component->__get('assetManager')
#10 /home/smile/mywww/sample/vendor/yiisoft/yii2-debug/LogTarget.php(54): yii\debug\panels\AssetPanel->save()
#11 /home/smile/mywww/sample/vendor/yiisoft/yii2-debug/LogTarget.php(118): yii\debug\LogTarget->export()
#12 /home/smile/mywww/sample/vendor/yiisoft/yii2/log/Dispatcher.php(183): yii\debug\LogTarget->collect(Array, true)
#13 /home/smile/mywww/sample/vendor/yiisoft/yii2/log/Logger.php(173): yii\log\Dispatcher->dispatch(Array, true)
#14 [internal function]: yii\log\Logger->flush(true)
#15 {main}
2016-09-14 16:40:07 [127.0.0.1][-][-][info][application] $_SERVER = [
    'USER' => 'www-data'
    'HOME' => '/var/www'
    'HTTP_ACCEPT_LANGUAGE' => 'en-US,en;q=0.8'
    'HTTP_ACCEPT_ENCODING' => 'gzip, deflate, sdch'
    'HTTP_USER_AGENT' => 'Mozilla/5.0 (X11; Linux x86_64) AppleWebKit/537.36 (KHTML, like Gecko) Ubuntu Chromium/50.0.2661.102 Chrome/50.0.2661.102 Safari/537.36'
    'HTTP_UPGRADE_INSECURE_REQUESTS' => '1'
    'HTTP_ACCEPT' => 'text/html,application/xhtml+xml,application/xml;q=0.9,image/webp,*/*;q=0.8'
    'HTTP_CACHE_CONTROL' => 'max-age=0'
    'HTTP_CONNECTION' => 'keep-alive'
    'HTTP_HOST' => 'www.mymanager.com'
    'REDIRECT_STATUS' => '200'
    'SERVER_NAME' => 'www.mymanager.com'
    'SERVER_PORT' => '80'
    'SERVER_ADDR' => '127.0.0.1'
    'REMOTE_PORT' => '35926'
    'REMOTE_ADDR' => '127.0.0.1'
    'SERVER_SOFTWARE' => 'nginx/1.10.0'
    'GATEWAY_INTERFACE' => 'CGI/1.1'
    'REQUEST_SCHEME' => 'http'
    'SERVER_PROTOCOL' => 'HTTP/1.1'
    'DOCUMENT_ROOT' => '/home/smile/mywww/sample/manager/web'
    'DOCUMENT_URI' => '/index.php'
    'REQUEST_URI' => '/'
    'SCRIPT_NAME' => '/index.php'
    'CONTENT_LENGTH' => ''
    'CONTENT_TYPE' => ''
    'REQUEST_METHOD' => 'GET'
    'QUERY_STRING' => ''
    'SCRIPT_FILENAME' => '/home/smile/mywww/sample/manager/web/index.php'
    'PATH_INFO' => ''
    'FCGI_ROLE' => 'RESPONDER'
    'PHP_SELF' => '/index.php'
    'REQUEST_TIME_FLOAT' => 1473842407.6339
    'REQUEST_TIME' => 1473842407
]
2016-09-14 16:40:08 [127.0.0.1][-][-][warning][yii\log\Dispatcher::dispatch] Unable to send log via yii\debug\LogTarget: Exception (Invalid Configuration) 'yii\base\InvalidConfigException' with message 'The directory does not exist: /home/smile/mywww/sample/manager/web/assets' 

in /home/smile/mywww/sample/vendor/yiisoft/yii2/web/AssetManager.php:211

Stack trace:
#0 /home/smile/mywww/sample/vendor/yiisoft/yii2/base/Object.php(107): yii\web\AssetManager->init()
#1 [internal function]: yii\base\Object->__construct(Array)
#2 /home/smile/mywww/sample/vendor/yiisoft/yii2/di/Container.php(368): ReflectionClass->newInstanceArgs(Array)
#3 /home/smile/mywww/sample/vendor/yiisoft/yii2/di/Container.php(153): yii\di\Container->build('yii\\web\\AssetMa...', Array, Array)
#4 /home/smile/mywww/sample/vendor/yiisoft/yii2/BaseYii.php(344): yii\di\Container->get('yii\\web\\AssetMa...', Array, Array)
#5 /home/smile/mywww/sample/vendor/yiisoft/yii2/di/ServiceLocator.php(133): yii\BaseYii::createObject(Array)
#6 /home/smile/mywww/sample/vendor/yiisoft/yii2/base/Application.php(600): yii\di\ServiceLocator->get('assetManager')
#7 /home/smile/mywww/sample/vendor/yiisoft/yii2/web/View.php(223): yii\base\Application->getAssetManager()
#8 /home/smile/mywww/sample/vendor/yiisoft/yii2/base/Component.php(130): yii\web\View->getAssetManager()
#9 /home/smile/mywww/sample/vendor/yiisoft/yii2-debug/panels/AssetPanel.php(53): yii\base\Component->__get('assetManager')
#10 /home/smile/mywww/sample/vendor/yiisoft/yii2-debug/LogTarget.php(54): yii\debug\panels\AssetPanel->save()
#11 /home/smile/mywww/sample/vendor/yiisoft/yii2-debug/LogTarget.php(118): yii\debug\LogTarget->export()
#12 /home/smile/mywww/sample/vendor/yiisoft/yii2/log/Dispatcher.php(183): yii\debug\LogTarget->collect(Array, true)
#13 /home/smile/mywww/sample/vendor/yiisoft/yii2/log/Logger.php(173): yii\log\Dispatcher->dispatch(Array, true)
#14 [internal function]: yii\log\Logger->flush(true)
#15 {main}
2016-09-14 16:40:08 [127.0.0.1][-][-][info][application] $_SERVER = [
    'USER' => 'www-data'
    'HOME' => '/var/www'
    'HTTP_ACCEPT_LANGUAGE' => 'en-US,en;q=0.8'
    'HTTP_ACCEPT_ENCODING' => 'gzip, deflate, sdch'
    'HTTP_USER_AGENT' => 'Mozilla/5.0 (X11; Linux x86_64) AppleWebKit/537.36 (KHTML, like Gecko) Ubuntu Chromium/50.0.2661.102 Chrome/50.0.2661.102 Safari/537.36'
    'HTTP_UPGRADE_INSECURE_REQUESTS' => '1'
    'HTTP_ACCEPT' => 'text/html,application/xhtml+xml,application/xml;q=0.9,image/webp,*/*;q=0.8'
    'HTTP_CACHE_CONTROL' => 'max-age=0'
    'HTTP_CONNECTION' => 'keep-alive'
    'HTTP_HOST' => 'www.mymanager.com'
    'REDIRECT_STATUS' => '200'
    'SERVER_NAME' => 'www.mymanager.com'
    'SERVER_PORT' => '80'
    'SERVER_ADDR' => '127.0.0.1'
    'REMOTE_PORT' => '35926'
    'REMOTE_ADDR' => '127.0.0.1'
    'SERVER_SOFTWARE' => 'nginx/1.10.0'
    'GATEWAY_INTERFACE' => 'CGI/1.1'
    'REQUEST_SCHEME' => 'http'
    'SERVER_PROTOCOL' => 'HTTP/1.1'
    'DOCUMENT_ROOT' => '/home/smile/mywww/sample/manager/web'
    'DOCUMENT_URI' => '/index.php'
    'REQUEST_URI' => '/'
    'SCRIPT_NAME' => '/index.php'
    'CONTENT_LENGTH' => ''
    'CONTENT_TYPE' => ''
    'REQUEST_METHOD' => 'GET'
    'QUERY_STRING' => ''
    'SCRIPT_FILENAME' => '/home/smile/mywww/sample/manager/web/index.php'
    'PATH_INFO' => ''
    'FCGI_ROLE' => 'RESPONDER'
    'PHP_SELF' => '/index.php'
    'REQUEST_TIME_FLOAT' => 1473842408.2505
    'REQUEST_TIME' => 1473842408
]
2016-09-14 16:40:08 [127.0.0.1][-][-][warning][yii\log\Dispatcher::dispatch] Unable to send log via yii\debug\LogTarget: Exception (Invalid Configuration) 'yii\base\InvalidConfigException' with message 'The directory does not exist: /home/smile/mywww/sample/manager/web/assets' 

in /home/smile/mywww/sample/vendor/yiisoft/yii2/web/AssetManager.php:211

Stack trace:
#0 /home/smile/mywww/sample/vendor/yiisoft/yii2/base/Object.php(107): yii\web\AssetManager->init()
#1 [internal function]: yii\base\Object->__construct(Array)
#2 /home/smile/mywww/sample/vendor/yiisoft/yii2/di/Container.php(368): ReflectionClass->newInstanceArgs(Array)
#3 /home/smile/mywww/sample/vendor/yiisoft/yii2/di/Container.php(153): yii\di\Container->build('yii\\web\\AssetMa...', Array, Array)
#4 /home/smile/mywww/sample/vendor/yiisoft/yii2/BaseYii.php(344): yii\di\Container->get('yii\\web\\AssetMa...', Array, Array)
#5 /home/smile/mywww/sample/vendor/yiisoft/yii2/di/ServiceLocator.php(133): yii\BaseYii::createObject(Array)
#6 /home/smile/mywww/sample/vendor/yiisoft/yii2/base/Application.php(600): yii\di\ServiceLocator->get('assetManager')
#7 /home/smile/mywww/sample/vendor/yiisoft/yii2/web/View.php(223): yii\base\Application->getAssetManager()
#8 /home/smile/mywww/sample/vendor/yiisoft/yii2/base/Component.php(130): yii\web\View->getAssetManager()
#9 /home/smile/mywww/sample/vendor/yiisoft/yii2-debug/panels/AssetPanel.php(53): yii\base\Component->__get('assetManager')
#10 /home/smile/mywww/sample/vendor/yiisoft/yii2-debug/LogTarget.php(54): yii\debug\panels\AssetPanel->save()
#11 /home/smile/mywww/sample/vendor/yiisoft/yii2-debug/LogTarget.php(118): yii\debug\LogTarget->export()
#12 /home/smile/mywww/sample/vendor/yiisoft/yii2/log/Dispatcher.php(183): yii\debug\LogTarget->collect(Array, true)
#13 /home/smile/mywww/sample/vendor/yiisoft/yii2/log/Logger.php(173): yii\log\Dispatcher->dispatch(Array, true)
#14 [internal function]: yii\log\Logger->flush(true)
#15 {main}
2016-09-14 16:40:08 [127.0.0.1][-][-][info][application] $_SERVER = [
    'USER' => 'www-data'
    'HOME' => '/var/www'
    'HTTP_ACCEPT_LANGUAGE' => 'en-US,en;q=0.8'
    'HTTP_ACCEPT_ENCODING' => 'gzip, deflate, sdch'
    'HTTP_USER_AGENT' => 'Mozilla/5.0 (X11; Linux x86_64) AppleWebKit/537.36 (KHTML, like Gecko) Ubuntu Chromium/50.0.2661.102 Chrome/50.0.2661.102 Safari/537.36'
    'HTTP_UPGRADE_INSECURE_REQUESTS' => '1'
    'HTTP_ACCEPT' => 'text/html,application/xhtml+xml,application/xml;q=0.9,image/webp,*/*;q=0.8'
    'HTTP_CACHE_CONTROL' => 'max-age=0'
    'HTTP_CONNECTION' => 'keep-alive'
    'HTTP_HOST' => 'www.mymanager.com'
    'REDIRECT_STATUS' => '200'
    'SERVER_NAME' => 'www.mymanager.com'
    'SERVER_PORT' => '80'
    'SERVER_ADDR' => '127.0.0.1'
    'REMOTE_PORT' => '35926'
    'REMOTE_ADDR' => '127.0.0.1'
    'SERVER_SOFTWARE' => 'nginx/1.10.0'
    'GATEWAY_INTERFACE' => 'CGI/1.1'
    'REQUEST_SCHEME' => 'http'
    'SERVER_PROTOCOL' => 'HTTP/1.1'
    'DOCUMENT_ROOT' => '/home/smile/mywww/sample/manager/web'
    'DOCUMENT_URI' => '/index.php'
    'REQUEST_URI' => '/'
    'SCRIPT_NAME' => '/index.php'
    'CONTENT_LENGTH' => ''
    'CONTENT_TYPE' => ''
    'REQUEST_METHOD' => 'GET'
    'QUERY_STRING' => ''
    'SCRIPT_FILENAME' => '/home/smile/mywww/sample/manager/web/index.php'
    'PATH_INFO' => ''
    'FCGI_ROLE' => 'RESPONDER'
    'PHP_SELF' => '/index.php'
    'REQUEST_TIME_FLOAT' => 1473842408.4424
    'REQUEST_TIME' => 1473842408
]
2016-09-14 16:41:40 [127.0.0.1][-][-][warning][yii\log\Dispatcher::dispatch] Unable to send log via yii\debug\LogTarget: Exception (Invalid Configuration) 'yii\base\InvalidConfigException' with message 'The directory does not exist: /home/smile/mywww/sample/manager/web/assets' 

in /home/smile/mywww/sample/vendor/yiisoft/yii2/web/AssetManager.php:211

Stack trace:
#0 /home/smile/mywww/sample/vendor/yiisoft/yii2/base/Object.php(107): yii\web\AssetManager->init()
#1 [internal function]: yii\base\Object->__construct(Array)
#2 /home/smile/mywww/sample/vendor/yiisoft/yii2/di/Container.php(368): ReflectionClass->newInstanceArgs(Array)
#3 /home/smile/mywww/sample/vendor/yiisoft/yii2/di/Container.php(153): yii\di\Container->build('yii\\web\\AssetMa...', Array, Array)
#4 /home/smile/mywww/sample/vendor/yiisoft/yii2/BaseYii.php(344): yii\di\Container->get('yii\\web\\AssetMa...', Array, Array)
#5 /home/smile/mywww/sample/vendor/yiisoft/yii2/di/ServiceLocator.php(133): yii\BaseYii::createObject(Array)
#6 /home/smile/mywww/sample/vendor/yiisoft/yii2/base/Application.php(600): yii\di\ServiceLocator->get('assetManager')
#7 /home/smile/mywww/sample/vendor/yiisoft/yii2/web/View.php(223): yii\base\Application->getAssetManager()
#8 /home/smile/mywww/sample/vendor/yiisoft/yii2/base/Component.php(130): yii\web\View->getAssetManager()
#9 /home/smile/mywww/sample/vendor/yiisoft/yii2-debug/panels/AssetPanel.php(53): yii\base\Component->__get('assetManager')
#10 /home/smile/mywww/sample/vendor/yiisoft/yii2-debug/LogTarget.php(54): yii\debug\panels\AssetPanel->save()
#11 /home/smile/mywww/sample/vendor/yiisoft/yii2-debug/LogTarget.php(118): yii\debug\LogTarget->export()
#12 /home/smile/mywww/sample/vendor/yiisoft/yii2/log/Dispatcher.php(183): yii\debug\LogTarget->collect(Array, true)
#13 /home/smile/mywww/sample/vendor/yiisoft/yii2/log/Logger.php(173): yii\log\Dispatcher->dispatch(Array, true)
#14 [internal function]: yii\log\Logger->flush(true)
#15 {main}
2016-09-14 16:41:40 [127.0.0.1][-][-][info][application] $_SERVER = [
    'USER' => 'www-data'
    'HOME' => '/var/www'
    'HTTP_ACCEPT_LANGUAGE' => 'en-US,en;q=0.8'
    'HTTP_ACCEPT_ENCODING' => 'gzip, deflate, sdch'
    'HTTP_USER_AGENT' => 'Mozilla/5.0 (X11; Linux x86_64) AppleWebKit/537.36 (KHTML, like Gecko) Ubuntu Chromium/50.0.2661.102 Chrome/50.0.2661.102 Safari/537.36'
    'HTTP_UPGRADE_INSECURE_REQUESTS' => '1'
    'HTTP_ACCEPT' => 'text/html,application/xhtml+xml,application/xml;q=0.9,image/webp,*/*;q=0.8'
    'HTTP_CACHE_CONTROL' => 'max-age=0'
    'HTTP_CONNECTION' => 'keep-alive'
    'HTTP_HOST' => 'www.mymanager.com'
    'REDIRECT_STATUS' => '200'
    'SERVER_NAME' => 'www.mymanager.com'
    'SERVER_PORT' => '80'
    'SERVER_ADDR' => '127.0.0.1'
    'REMOTE_PORT' => '35942'
    'REMOTE_ADDR' => '127.0.0.1'
    'SERVER_SOFTWARE' => 'nginx/1.10.0'
    'GATEWAY_INTERFACE' => 'CGI/1.1'
    'REQUEST_SCHEME' => 'http'
    'SERVER_PROTOCOL' => 'HTTP/1.1'
    'DOCUMENT_ROOT' => '/home/smile/mywww/sample/manager/web'
    'DOCUMENT_URI' => '/index.php'
    'REQUEST_URI' => '/'
    'SCRIPT_NAME' => '/index.php'
    'CONTENT_LENGTH' => ''
    'CONTENT_TYPE' => ''
    'REQUEST_METHOD' => 'GET'
    'QUERY_STRING' => ''
    'SCRIPT_FILENAME' => '/home/smile/mywww/sample/manager/web/index.php'
    'PATH_INFO' => ''
    'FCGI_ROLE' => 'RESPONDER'
    'PHP_SELF' => '/index.php'
    'REQUEST_TIME_FLOAT' => 1473842500.6644
    'REQUEST_TIME' => 1473842500
]
2016-09-14 16:41:55 [127.0.0.1][-][-][warning][yii\log\Dispatcher::dispatch] Unable to send log via yii\debug\LogTarget: Exception (Invalid Configuration) 'yii\base\InvalidConfigException' with message 'The directory does not exist: /home/smile/mywww/sample/manager/web/assets' 

in /home/smile/mywww/sample/vendor/yiisoft/yii2/web/AssetManager.php:211

Stack trace:
#0 /home/smile/mywww/sample/vendor/yiisoft/yii2/base/Object.php(107): yii\web\AssetManager->init()
#1 [internal function]: yii\base\Object->__construct(Array)
#2 /home/smile/mywww/sample/vendor/yiisoft/yii2/di/Container.php(368): ReflectionClass->newInstanceArgs(Array)
#3 /home/smile/mywww/sample/vendor/yiisoft/yii2/di/Container.php(153): yii\di\Container->build('yii\\web\\AssetMa...', Array, Array)
#4 /home/smile/mywww/sample/vendor/yiisoft/yii2/BaseYii.php(344): yii\di\Container->get('yii\\web\\AssetMa...', Array, Array)
#5 /home/smile/mywww/sample/vendor/yiisoft/yii2/di/ServiceLocator.php(133): yii\BaseYii::createObject(Array)
#6 /home/smile/mywww/sample/vendor/yiisoft/yii2/base/Application.php(600): yii\di\ServiceLocator->get('assetManager')
#7 /home/smile/mywww/sample/vendor/yiisoft/yii2/web/View.php(223): yii\base\Application->getAssetManager()
#8 /home/smile/mywww/sample/vendor/yiisoft/yii2/base/Component.php(130): yii\web\View->getAssetManager()
#9 /home/smile/mywww/sample/vendor/yiisoft/yii2-debug/panels/AssetPanel.php(53): yii\base\Component->__get('assetManager')
#10 /home/smile/mywww/sample/vendor/yiisoft/yii2-debug/LogTarget.php(54): yii\debug\panels\AssetPanel->save()
#11 /home/smile/mywww/sample/vendor/yiisoft/yii2-debug/LogTarget.php(118): yii\debug\LogTarget->export()
#12 /home/smile/mywww/sample/vendor/yiisoft/yii2/log/Dispatcher.php(183): yii\debug\LogTarget->collect(Array, true)
#13 /home/smile/mywww/sample/vendor/yiisoft/yii2/log/Logger.php(173): yii\log\Dispatcher->dispatch(Array, true)
#14 [internal function]: yii\log\Logger->flush(true)
#15 {main}
2016-09-14 16:41:55 [127.0.0.1][-][-][info][application] $_SERVER = [
    'USER' => 'www-data'
    'HOME' => '/var/www'
    'HTTP_ACCEPT_LANGUAGE' => 'en-US,en;q=0.8'
    'HTTP_ACCEPT_ENCODING' => 'gzip, deflate, sdch'
    'HTTP_USER_AGENT' => 'Mozilla/5.0 (X11; Linux x86_64) AppleWebKit/537.36 (KHTML, like Gecko) Ubuntu Chromium/50.0.2661.102 Chrome/50.0.2661.102 Safari/537.36'
    'HTTP_UPGRADE_INSECURE_REQUESTS' => '1'
    'HTTP_ACCEPT' => 'text/html,application/xhtml+xml,application/xml;q=0.9,image/webp,*/*;q=0.8'
    'HTTP_CACHE_CONTROL' => 'max-age=0'
    'HTTP_CONNECTION' => 'keep-alive'
    'HTTP_HOST' => 'www.mymanager.com'
    'REDIRECT_STATUS' => '200'
    'SERVER_NAME' => 'www.mymanager.com'
    'SERVER_PORT' => '80'
    'SERVER_ADDR' => '127.0.0.1'
    'REMOTE_PORT' => '35942'
    'REMOTE_ADDR' => '127.0.0.1'
    'SERVER_SOFTWARE' => 'nginx/1.10.0'
    'GATEWAY_INTERFACE' => 'CGI/1.1'
    'REQUEST_SCHEME' => 'http'
    'SERVER_PROTOCOL' => 'HTTP/1.1'
    'DOCUMENT_ROOT' => '/home/smile/mywww/sample/manager/web'
    'DOCUMENT_URI' => '/index.php'
    'REQUEST_URI' => '/'
    'SCRIPT_NAME' => '/index.php'
    'CONTENT_LENGTH' => ''
    'CONTENT_TYPE' => ''
    'REQUEST_METHOD' => 'GET'
    'QUERY_STRING' => ''
    'SCRIPT_FILENAME' => '/home/smile/mywww/sample/manager/web/index.php'
    'PATH_INFO' => ''
    'FCGI_ROLE' => 'RESPONDER'
    'PHP_SELF' => '/index.php'
    'REQUEST_TIME_FLOAT' => 1473842515.5211
    'REQUEST_TIME' => 1473842515
]
